CUDA not available. Will use CPU processing only.
Loading data from case8_complete.csv...
Dataset shape: 10000 rows × 1000 columns
Selected columns for MCAR (75): ['col_782', 'col_808', 'col_881', 'col_787', 'col_483', 'col_910', 'col_832', 'col_776', 'col_493', 'col_828', 'col_988', 'col_202', 'col_683', 'col_947', 'col_619', 'col_67', 'col_544', 'col_684', 'col_377', 'col_306', 'col_762', 'col_504', 'col_763', 'col_632', 'col_745', 'col_3', 'col_855', 'col_854', 'col_666', 'col_792', 'col_543', 'col_335', 'col_665', 'col_204', 'col_637', 'col_919', 'col_423', 'col_924', 'col_386', 'col_411', 'col_514', 'col_727', 'col_738', 'col_90', 'col_661', 'col_91', 'col_120', 'col_674', 'col_11', 'col_472', 'col_382', 'col_516', 'col_991', 'col_706', 'col_868', 'col_777', 'col_608', 'col_259', 'col_486', 'col_360', 'col_12', 'col_479', 'col_170', 'col_159', 'col_717', 'col_171', 'col_785', 'col_379', 'col_972', 'col_89', 'col_288', 'col_301', 'col_277', 'col_55', 'col_326']
Erasing 1500 entries per selected column (15.00% of each column)
Using CPU processing...

Column 'col_782': erased 1500 values
Column 'col_808': erased 1500 values
Column 'col_881': erased 1500 values
Column 'col_787': erased 1500 values
Column 'col_483': erased 1500 values
Column 'col_910': erased 1500 values
Column 'col_832': erased 1500 values
Column 'col_776': erased 1500 values
Column 'col_493': erased 1500 values
Column 'col_828': erased 1500 values
Column 'col_988': erased 1500 values
Column 'col_202': erased 1500 values
Column 'col_683': erased 1500 values
Column 'col_947': erased 1500 values
Column 'col_619': erased 1500 values
Column 'col_67': erased 1500 values
Column 'col_544': erased 1500 values
Column 'col_684': erased 1500 values
Column 'col_377': erased 1500 values
Column 'col_306': erased 1500 values
Column 'col_762': erased 1500 values
Column 'col_504': erased 1500 values
Column 'col_763': erased 1500 values
Column 'col_632': erased 1500 values
Column 'col_745': erased 1500 values
Column 'col_3': erased 1500 values
Column 'col_855': erased 1500 values
Column 'col_854': erased 1500 values
Column 'col_666': erased 1500 values
Column 'col_792': erased 1500 values
Column 'col_543': erased 1500 values
Column 'col_335': erased 1500 values
Column 'col_665': erased 1500 values
Column 'col_204': erased 1500 values
Column 'col_637': erased 1500 values
Column 'col_919': erased 1500 values
Column 'col_423': erased 1500 values
Column 'col_924': erased 1500 values
Column 'col_386': erased 1500 values
Column 'col_411': erased 1500 values
Column 'col_514': erased 1500 values
Column 'col_727': erased 1500 values
Column 'col_738': erased 1500 values
Column 'col_90': erased 1500 values
Column 'col_661': erased 1500 values
Column 'col_91': erased 1500 values
Column 'col_120': erased 1500 values
Column 'col_674': erased 1500 values
Column 'col_11': erased 1500 values
Column 'col_472': erased 1500 values
Column 'col_382': erased 1500 values
Column 'col_516': erased 1500 values
Column 'col_991': erased 1500 values
Column 'col_706': erased 1500 values
Column 'col_868': erased 1500 values
Column 'col_777': erased 1500 values
Column 'col_608': erased 1500 values
Column 'col_259': erased 1500 values
Column 'col_486': erased 1500 values
Column 'col_360': erased 1500 values
Column 'col_12': erased 1500 values
Column 'col_479': erased 1500 values
Column 'col_170': erased 1500 values
Column 'col_159': erased 1500 values
Column 'col_717': erased 1500 values
Column 'col_171': erased 1500 values
Column 'col_785': erased 1500 values
Column 'col_379': erased 1500 values
Column 'col_972': erased 1500 values
Column 'col_89': erased 1500 values
Column 'col_288': erased 1500 values
Column 'col_301': erased 1500 values
Column 'col_277': erased 1500 values
Column 'col_55': erased 1500 values
Column 'col_326': erased 1500 values

First 5 rows of modified data:
    col_1   col_2     col_3   col_4  ...  col_997  col_998  col_999  col_1000
0  959595 -758159  653643.0  894474  ...   642933   428073   583570    181880
1  760890  218224  159530.0  150985  ...  -847373   384940   375549   -250228
2  335763 -879243  336575.0  319087  ...   -57169  -867851   920566      4726
3 -429843  903206 -263435.0 -774835  ...  -839275  -730211  -483376    993772
4    9293  577837 -533792.0 -851989  ...   174551   370232  -392497    366246

[5 rows x 1000 columns]

Modified dataset saved to 'case8_erased.csv'

real	0m3,150s
user	0m4,090s
sys	0m0,265s
