CUDA not available. Will use CPU processing only.
Loading data from case1_complete.csv...
Dataset shape: 10000 rows × 1000 columns
Selected columns for MCAR (50): ['col_122', 'col_46', 'col_280', 'col_821', 'col_141', 'col_692', 'col_511', 'col_674', 'col_164', 'col_405', 'col_722', 'col_558', 'col_248', 'col_213', 'col_653', 'col_585', 'col_189', 'col_315', 'col_598', 'col_935', 'col_786', 'col_990', 'col_234', 'col_369', 'col_703', 'col_824', 'col_68', 'col_352', 'col_531', 'col_737', 'col_427', 'col_718', 'col_24', 'col_358', 'col_346', 'col_292', 'col_524', 'col_380', 'col_5', 'col_408', 'col_950', 'col_656', 'col_167', 'col_415', 'col_321', 'col_220', 'col_319', 'col_293', 'col_233', 'col_529']
Erasing 1000 entries per selected column (10.00% of each column)
Using CPU processing...

Column 'col_122': erased 1000 values
Column 'col_46': erased 1000 values
Column 'col_280': erased 1000 values
Column 'col_821': erased 1000 values
Column 'col_141': erased 1000 values
Column 'col_692': erased 1000 values
Column 'col_511': erased 1000 values
Column 'col_674': erased 1000 values
Column 'col_164': erased 1000 values
Column 'col_405': erased 1000 values
Column 'col_722': erased 1000 values
Column 'col_558': erased 1000 values
Column 'col_248': erased 1000 values
Column 'col_213': erased 1000 values
Column 'col_653': erased 1000 values
Column 'col_585': erased 1000 values
Column 'col_189': erased 1000 values
Column 'col_315': erased 1000 values
Column 'col_598': erased 1000 values
Column 'col_935': erased 1000 values
Column 'col_786': erased 1000 values
Column 'col_990': erased 1000 values
Column 'col_234': erased 1000 values
Column 'col_369': erased 1000 values
Column 'col_703': erased 1000 values
Column 'col_824': erased 1000 values
Column 'col_68': erased 1000 values
Column 'col_352': erased 1000 values
Column 'col_531': erased 1000 values
Column 'col_737': erased 1000 values
Column 'col_427': erased 1000 values
Column 'col_718': erased 1000 values
Column 'col_24': erased 1000 values
Column 'col_358': erased 1000 values
Column 'col_346': erased 1000 values
Column 'col_292': erased 1000 values
Column 'col_524': erased 1000 values
Column 'col_380': erased 1000 values
Column 'col_5': erased 1000 values
Column 'col_408': erased 1000 values
Column 'col_950': erased 1000 values
Column 'col_656': erased 1000 values
Column 'col_167': erased 1000 values
Column 'col_415': erased 1000 values
Column 'col_321': erased 1000 values
Column 'col_220': erased 1000 values
Column 'col_319': erased 1000 values
Column 'col_293': erased 1000 values
Column 'col_233': erased 1000 values
Column 'col_529': erased 1000 values

First 5 rows of modified data:
    col_1   col_2   col_3   col_4  ...  col_997  col_998  col_999  col_1000
0 -745214 -165847 -112552 -662413  ...  -242640   217575  -875169    986730
1 -641947  257481  103948  656635  ...  -741271   430943  -640693     85764
2  642065  151758  589654  287846  ...   381838  -261490  -422658   -875990
3  297084  348111   25842 -555590  ...  -390283   977591   853115   -174466
4 -915582 -403346 -967638 -941149  ...   239494  -531675   463080   -149202

[5 rows x 1000 columns]

Modified dataset saved to 'case1_erased.csv'

real	0m2,936s
user	0m3,862s
sys	0m0,228s
