CUDA not available. Will use CPU processing only.
Loading data from case3_complete.csv...
Dataset shape: (10000, 1000)
Using CPU processing...


--- MAR Rule 1 ---
Reference: col_501, Target: col_1, Cutoff: 5000.0, pi_high: 0.3, pi_low: 0.1
High: 5013 (50.13%), Low: 4987 (49.87%)
Missing values to introduce: 2015 (20.15%)

--- MAR Rule 2 ---
Reference: col_502, Target: col_2, Cutoff: 5000.0, pi_high: 0.3, pi_low: 0.1
High: 5075 (50.75%), Low: 4925 (49.25%)
Missing values to introduce: 2016 (20.16%)

--- MAR Rule 3 ---
Reference: col_503, Target: col_3, Cutoff: 5000.0, pi_high: 0.3, pi_low: 0.1
High: 4992 (49.92%), Low: 5008 (50.08%)
Missing values to introduce: 1996 (19.96%)

--- Final Missingness Summary ---
col_1: 2015 missing (20.15%)
col_2: 2016 missing (20.16%)
col_3: 1996 missing (19.96%)

Modified dataset saved to 'case3_erased.csv'

real	0m2,609s
user	0m3,553s
sys	0m0,289s
