CUDA not available. Will use CPU processing only.
Loading data from case3_complete.csv...
Dataset shape: (10000, 1000)
Using CPU processing...


--- MAR Rule 1 ---
Reference: col_501, Target: col_1, Cutoff: 5000.0, pi_high: 0.3, pi_low: 0.1
High: 4929 (49.29%), Low: 5071 (50.71%)
Missing values to introduce: 2003 (20.03%)

--- MAR Rule 2 ---
Reference: col_502, Target: col_2, Cutoff: 5000.0, pi_high: 0.3, pi_low: 0.1
High: 4978 (49.78%), Low: 5022 (50.22%)
Missing values to introduce: 1963 (19.63%)

--- MAR Rule 3 ---
Reference: col_503, Target: col_3, Cutoff: 5000.0, pi_high: 0.3, pi_low: 0.1
High: 4963 (49.63%), Low: 5037 (50.37%)
Missing values to introduce: 1947 (19.47%)

--- Final Missingness Summary ---
col_1: 2003 missing (20.03%)
col_2: 1963 missing (19.63%)
col_3: 1947 missing (19.47%)

Modified dataset saved to 'case3_erased.csv'

real	0m2,464s
user	0m3,447s
sys	0m0,243s
